build/intermediates/manifest_merge_blame_file/release/processReleaseMainManifest/manifest-merger-blame-release-report.txt
1<?xml version="1.0" encoding="utf-8"?>
2<manifest xmlns:android="http://schemas.android.com/apk/res/android"
3    package="com.example.recording_app"
4    android:versionCode="1"
5    android:versionName="1.0" >
6
7    <uses-sdk
8        android:minSdkVersion="24"
9        android:targetSdkVersion="34" />
10
11    <uses-permission android:name="android.permission.READ_EXTERNAL_STORAGE" />
11-->src\main\AndroidManifest.xml:4:5-80
11-->src\main\AndroidManifest.xml:4:22-77
12    <uses-permission android:name="android.permission.READ_MEDIA_IMAGES" />
12-->src\main\AndroidManifest.xml:5:5-76
12-->src\main\AndroidManifest.xml:5:22-73
13
14    <permission
14-->[androidx.core:core:1.12.0] AndroidManifest.xml:22:5-24:47
15        android:name="com.example.recording_app.DYNAMIC_RECEIVER_NOT_EXPORTED_PERMISSION"
15-->[androidx.core:core:1.12.0] AndroidManifest.xml:23:9-81
16        android:protectionLevel="signature" />
16-->[androidx.core:core:1.12.0] AndroidManifest.xml:24:9-44
17
18    <uses-permission android:name="com.example.recording_app.DYNAMIC_RECEIVER_NOT_EXPORTED_PERMISSION" />
18-->[androidx.core:core:1.12.0] AndroidManifest.xml:26:5-97
18-->[androidx.core:core:1.12.0] AndroidManifest.xml:26:22-94
19
20    <application
20-->src\main\AndroidManifest.xml:7:5-205:19
21        android:allowBackup="true"
21-->src\main\AndroidManifest.xml:8:9-35
22        android:appComponentFactory="androidx.core.app.CoreComponentFactory"
22-->[androidx.core:core:1.12.0] AndroidManifest.xml:28:18-86
23        android:extractNativeLibs="false"
24        android:icon="@mipmap/ic_launcher"
24-->src\main\AndroidManifest.xml:9:9-43
25        android:label="@string/app_name"
25-->src\main\AndroidManifest.xml:10:9-41
26        android:roundIcon="@mipmap/ic_launcher_round"
26-->src\main\AndroidManifest.xml:11:9-54
27        android:supportsRtl="true"
27-->src\main\AndroidManifest.xml:12:9-35
28        android:theme="@style/Theme._202308190244chenyueyan" >
28-->src\main\AndroidManifest.xml:13:9-61
29        <activity
29-->src\main\AndroidManifest.xml:14:9-23:20
30            android:name="com.example.recording_app.MainActivity"
30-->src\main\AndroidManifest.xml:15:13-41
31            android:enabled="true"
31-->src\main\AndroidManifest.xml:17:13-35
32            android:exported="true"
32-->src\main\AndroidManifest.xml:16:13-36
33            android:theme="@style/Theme._202308190244chenyueyan" >
33-->src\main\AndroidManifest.xml:18:13-65
34            <intent-filter>
34-->src\main\AndroidManifest.xml:19:13-22:29
35                <action android:name="android.intent.action.MAIN" />
35-->src\main\AndroidManifest.xml:20:17-69
35-->src\main\AndroidManifest.xml:20:25-66
36
37                <category android:name="android.intent.category.LAUNCHER" />
37-->src\main\AndroidManifest.xml:21:17-77
37-->src\main\AndroidManifest.xml:21:27-74
38            </intent-filter>
39        </activity> <!-- Icon 12: 💫 -->
40        <activity-alias
40-->src\main\AndroidManifest.xml:192:9-204:26
41            android:name="com.example.recording_app.Icon12"
41-->src\main\AndroidManifest.xml:193:13-35
42            android:enabled="false"
42-->src\main\AndroidManifest.xml:198:13-36
43            android:exported="true"
43-->src\main\AndroidManifest.xml:199:13-36
44            android:icon="@mipmap/ic_launcher"
44-->src\main\AndroidManifest.xml:195:13-47
45            android:label="@string/app_name"
45-->src\main\AndroidManifest.xml:197:13-45
46            android:roundIcon="@mipmap/ic_launcher_round"
46-->src\main\AndroidManifest.xml:196:13-58
47            android:targetActivity="com.example.recording_app.MainActivity" >
47-->src\main\AndroidManifest.xml:194:13-51
48            <intent-filter>
48-->src\main\AndroidManifest.xml:19:13-22:29
49                <action android:name="android.intent.action.MAIN" />
49-->src\main\AndroidManifest.xml:20:17-69
49-->src\main\AndroidManifest.xml:20:25-66
50
51                <category android:name="android.intent.category.LAUNCHER" />
51-->src\main\AndroidManifest.xml:21:17-77
51-->src\main\AndroidManifest.xml:21:27-74
52            </intent-filter>
53        </activity-alias> <!-- Icon 11: 🔮 -->
54        <activity-alias
54-->src\main\AndroidManifest.xml:177:9-189:26
55            android:name="com.example.recording_app.Icon11"
55-->src\main\AndroidManifest.xml:178:13-35
56            android:enabled="false"
56-->src\main\AndroidManifest.xml:183:13-36
57            android:exported="true"
57-->src\main\AndroidManifest.xml:184:13-36
58            android:icon="@mipmap/ic_launcher"
58-->src\main\AndroidManifest.xml:180:13-47
59            android:label="@string/app_name"
59-->src\main\AndroidManifest.xml:182:13-45
60            android:roundIcon="@mipmap/ic_launcher_round"
60-->src\main\AndroidManifest.xml:181:13-58
61            android:targetActivity="com.example.recording_app.MainActivity" >
61-->src\main\AndroidManifest.xml:179:13-51
62            <intent-filter>
62-->src\main\AndroidManifest.xml:19:13-22:29
63                <action android:name="android.intent.action.MAIN" />
63-->src\main\AndroidManifest.xml:20:17-69
63-->src\main\AndroidManifest.xml:20:25-66
64
65                <category android:name="android.intent.category.LAUNCHER" />
65-->src\main\AndroidManifest.xml:21:17-77
65-->src\main\AndroidManifest.xml:21:27-74
66            </intent-filter>
67        </activity-alias> <!-- Icon 10: 🎪 -->
68        <activity-alias
68-->src\main\AndroidManifest.xml:162:9-174:26
69            android:name="com.example.recording_app.Icon10"
69-->src\main\AndroidManifest.xml:163:13-35
70            android:enabled="false"
70-->src\main\AndroidManifest.xml:168:13-36
71            android:exported="true"
71-->src\main\AndroidManifest.xml:169:13-36
72            android:icon="@mipmap/ic_launcher"
72-->src\main\AndroidManifest.xml:165:13-47
73            android:label="@string/app_name"
73-->src\main\AndroidManifest.xml:167:13-45
74            android:roundIcon="@mipmap/ic_launcher_round"
74-->src\main\AndroidManifest.xml:166:13-58
75            android:targetActivity="com.example.recording_app.MainActivity" >
75-->src\main\AndroidManifest.xml:164:13-51
76            <intent-filter>
76-->src\main\AndroidManifest.xml:19:13-22:29
77                <action android:name="android.intent.action.MAIN" />
77-->src\main\AndroidManifest.xml:20:17-69
77-->src\main\AndroidManifest.xml:20:25-66
78
79                <category android:name="android.intent.category.LAUNCHER" />
79-->src\main\AndroidManifest.xml:21:17-77
79-->src\main\AndroidManifest.xml:21:27-74
80            </intent-filter>
81        </activity-alias> <!-- Icon 9: 🌟 -->
82        <activity-alias
82-->src\main\AndroidManifest.xml:147:9-159:26
83            android:name="com.example.recording_app.Icon9"
83-->src\main\AndroidManifest.xml:148:13-34
84            android:enabled="false"
84-->src\main\AndroidManifest.xml:153:13-36
85            android:exported="true"
85-->src\main\AndroidManifest.xml:154:13-36
86            android:icon="@mipmap/ic_launcher"
86-->src\main\AndroidManifest.xml:150:13-47
87            android:label="@string/app_name"
87-->src\main\AndroidManifest.xml:152:13-45
88            android:roundIcon="@mipmap/ic_launcher_round"
88-->src\main\AndroidManifest.xml:151:13-58
89            android:targetActivity="com.example.recording_app.MainActivity" >
89-->src\main\AndroidManifest.xml:149:13-51
90            <intent-filter>
90-->src\main\AndroidManifest.xml:19:13-22:29
91                <action android:name="android.intent.action.MAIN" />
91-->src\main\AndroidManifest.xml:20:17-69
91-->src\main\AndroidManifest.xml:20:25-66
92
93                <category android:name="android.intent.category.LAUNCHER" />
93-->src\main\AndroidManifest.xml:21:17-77
93-->src\main\AndroidManifest.xml:21:27-74
94            </intent-filter>
95        </activity-alias> <!-- Icon 8: 🎭 -->
96        <activity-alias
96-->src\main\AndroidManifest.xml:132:9-144:26
97            android:name="com.example.recording_app.Icon8"
97-->src\main\AndroidManifest.xml:133:13-34
98            android:enabled="false"
98-->src\main\AndroidManifest.xml:138:13-36
99            android:exported="true"
99-->src\main\AndroidManifest.xml:139:13-36
100            android:icon="@mipmap/ic_launcher"
100-->src\main\AndroidManifest.xml:135:13-47
101            android:label="@string/app_name"
101-->src\main\AndroidManifest.xml:137:13-45
102            android:roundIcon="@mipmap/ic_launcher_round"
102-->src\main\AndroidManifest.xml:136:13-58
103            android:targetActivity="com.example.recording_app.MainActivity" >
103-->src\main\AndroidManifest.xml:134:13-51
104            <intent-filter>
104-->src\main\AndroidManifest.xml:19:13-22:29
105                <action android:name="android.intent.action.MAIN" />
105-->src\main\AndroidManifest.xml:20:17-69
105-->src\main\AndroidManifest.xml:20:25-66
106
107                <category android:name="android.intent.category.LAUNCHER" />
107-->src\main\AndroidManifest.xml:21:17-77
107-->src\main\AndroidManifest.xml:21:27-74
108            </intent-filter>
109        </activity-alias> <!-- Icon 7: 💎 -->
110        <activity-alias
110-->src\main\AndroidManifest.xml:117:9-129:26
111            android:name="com.example.recording_app.Icon7"
111-->src\main\AndroidManifest.xml:118:13-34
112            android:enabled="false"
112-->src\main\AndroidManifest.xml:123:13-36
113            android:exported="true"
113-->src\main\AndroidManifest.xml:124:13-36
114            android:icon="@mipmap/ic_launcher"
114-->src\main\AndroidManifest.xml:120:13-47
115            android:label="@string/app_name"
115-->src\main\AndroidManifest.xml:122:13-45
116            android:roundIcon="@mipmap/ic_launcher_round"
116-->src\main\AndroidManifest.xml:121:13-58
117            android:targetActivity="com.example.recording_app.MainActivity" >
117-->src\main\AndroidManifest.xml:119:13-51
118            <intent-filter>
118-->src\main\AndroidManifest.xml:19:13-22:29
119                <action android:name="android.intent.action.MAIN" />
119-->src\main\AndroidManifest.xml:20:17-69
119-->src\main\AndroidManifest.xml:20:25-66
120
121                <category android:name="android.intent.category.LAUNCHER" />
121-->src\main\AndroidManifest.xml:21:17-77
121-->src\main\AndroidManifest.xml:21:27-74
122            </intent-filter>
123        </activity-alias> <!-- Icon 6: 🎯 -->
124        <activity-alias
124-->src\main\AndroidManifest.xml:102:9-114:26
125            android:name="com.example.recording_app.Icon6"
125-->src\main\AndroidManifest.xml:103:13-34
126            android:enabled="false"
126-->src\main\AndroidManifest.xml:108:13-36
127            android:exported="true"
127-->src\main\AndroidManifest.xml:109:13-36
128            android:icon="@mipmap/ic_launcher"
128-->src\main\AndroidManifest.xml:105:13-47
129            android:label="@string/app_name"
129-->src\main\AndroidManifest.xml:107:13-45
130            android:roundIcon="@mipmap/ic_launcher_round"
130-->src\main\AndroidManifest.xml:106:13-58
131            android:targetActivity="com.example.recording_app.MainActivity" >
131-->src\main\AndroidManifest.xml:104:13-51
132            <intent-filter>
132-->src\main\AndroidManifest.xml:19:13-22:29
133                <action android:name="android.intent.action.MAIN" />
133-->src\main\AndroidManifest.xml:20:17-69
133-->src\main\AndroidManifest.xml:20:25-66
134
135                <category android:name="android.intent.category.LAUNCHER" />
135-->src\main\AndroidManifest.xml:21:17-77
135-->src\main\AndroidManifest.xml:21:27-74
136            </intent-filter>
137        </activity-alias> <!-- Icon 5: 🌸 -->
138        <activity-alias
138-->src\main\AndroidManifest.xml:87:9-99:26
139            android:name="com.example.recording_app.Icon5"
139-->src\main\AndroidManifest.xml:88:13-34
140            android:enabled="false"
140-->src\main\AndroidManifest.xml:93:13-36
141            android:exported="true"
141-->src\main\AndroidManifest.xml:94:13-36
142            android:icon="@mipmap/ic_launcher"
142-->src\main\AndroidManifest.xml:90:13-47
143            android:label="@string/app_name"
143-->src\main\AndroidManifest.xml:92:13-45
144            android:roundIcon="@mipmap/ic_launcher_round"
144-->src\main\AndroidManifest.xml:91:13-58
145            android:targetActivity="com.example.recording_app.MainActivity" >
145-->src\main\AndroidManifest.xml:89:13-51
146            <intent-filter>
146-->src\main\AndroidManifest.xml:19:13-22:29
147                <action android:name="android.intent.action.MAIN" />
147-->src\main\AndroidManifest.xml:20:17-69
147-->src\main\AndroidManifest.xml:20:25-66
148
149                <category android:name="android.intent.category.LAUNCHER" />
149-->src\main\AndroidManifest.xml:21:17-77
149-->src\main\AndroidManifest.xml:21:27-74
150            </intent-filter>
151        </activity-alias> <!-- Icon 4: ⭐ -->
152        <activity-alias
152-->src\main\AndroidManifest.xml:72:9-84:26
153            android:name="com.example.recording_app.Icon4"
153-->src\main\AndroidManifest.xml:73:13-34
154            android:enabled="false"
154-->src\main\AndroidManifest.xml:78:13-36
155            android:exported="true"
155-->src\main\AndroidManifest.xml:79:13-36
156            android:icon="@mipmap/ic_launcher"
156-->src\main\AndroidManifest.xml:75:13-47
157            android:label="@string/app_name"
157-->src\main\AndroidManifest.xml:77:13-45
158            android:roundIcon="@mipmap/ic_launcher_round"
158-->src\main\AndroidManifest.xml:76:13-58
159            android:targetActivity="com.example.recording_app.MainActivity" >
159-->src\main\AndroidManifest.xml:74:13-51
160            <intent-filter>
160-->src\main\AndroidManifest.xml:19:13-22:29
161                <action android:name="android.intent.action.MAIN" />
161-->src\main\AndroidManifest.xml:20:17-69
161-->src\main\AndroidManifest.xml:20:25-66
162
163                <category android:name="android.intent.category.LAUNCHER" />
163-->src\main\AndroidManifest.xml:21:17-77
163-->src\main\AndroidManifest.xml:21:27-74
164            </intent-filter>
165        </activity-alias> <!-- Icon 3: 🎨 -->
166        <activity-alias
166-->src\main\AndroidManifest.xml:57:9-69:26
167            android:name="com.example.recording_app.Icon3"
167-->src\main\AndroidManifest.xml:58:13-34
168            android:enabled="false"
168-->src\main\AndroidManifest.xml:63:13-36
169            android:exported="true"
169-->src\main\AndroidManifest.xml:64:13-36
170            android:icon="@mipmap/ic_launcher"
170-->src\main\AndroidManifest.xml:60:13-47
171            android:label="@string/app_name"
171-->src\main\AndroidManifest.xml:62:13-45
172            android:roundIcon="@mipmap/ic_launcher_round"
172-->src\main\AndroidManifest.xml:61:13-58
173            android:targetActivity="com.example.recording_app.MainActivity" >
173-->src\main\AndroidManifest.xml:59:13-51
174            <intent-filter>
174-->src\main\AndroidManifest.xml:19:13-22:29
175                <action android:name="android.intent.action.MAIN" />
175-->src\main\AndroidManifest.xml:20:17-69
175-->src\main\AndroidManifest.xml:20:25-66
176
177                <category android:name="android.intent.category.LAUNCHER" />
177-->src\main\AndroidManifest.xml:21:17-77
177-->src\main\AndroidManifest.xml:21:27-74
178            </intent-filter>
179        </activity-alias> <!-- Icon 2: 📱 -->
180        <activity-alias
180-->src\main\AndroidManifest.xml:42:9-54:26
181            android:name="com.example.recording_app.Icon2"
181-->src\main\AndroidManifest.xml:43:13-34
182            android:enabled="false"
182-->src\main\AndroidManifest.xml:48:13-36
183            android:exported="true"
183-->src\main\AndroidManifest.xml:49:13-36
184            android:icon="@mipmap/ic_launcher"
184-->src\main\AndroidManifest.xml:45:13-47
185            android:label="@string/app_name"
185-->src\main\AndroidManifest.xml:47:13-45
186            android:roundIcon="@mipmap/ic_launcher_round"
186-->src\main\AndroidManifest.xml:46:13-58
187            android:targetActivity="com.example.recording_app.MainActivity" >
187-->src\main\AndroidManifest.xml:44:13-51
188            <intent-filter>
188-->src\main\AndroidManifest.xml:19:13-22:29
189                <action android:name="android.intent.action.MAIN" />
189-->src\main\AndroidManifest.xml:20:17-69
189-->src\main\AndroidManifest.xml:20:25-66
190
191                <category android:name="android.intent.category.LAUNCHER" />
191-->src\main\AndroidManifest.xml:21:17-77
191-->src\main\AndroidManifest.xml:21:27-74
192            </intent-filter>
193        </activity-alias> <!-- Activity Aliases for different app icons -->
194        <!-- Icon 1: 💰 -->
195        <activity-alias
195-->src\main\AndroidManifest.xml:27:9-39:26
196            android:name="com.example.recording_app.Icon1"
196-->src\main\AndroidManifest.xml:28:13-34
197            android:enabled="false"
197-->src\main\AndroidManifest.xml:33:13-36
198            android:exported="true"
198-->src\main\AndroidManifest.xml:34:13-36
199            android:icon="@mipmap/ic_launcher"
199-->src\main\AndroidManifest.xml:30:13-47
200            android:label="@string/app_name"
200-->src\main\AndroidManifest.xml:32:13-45
201            android:roundIcon="@mipmap/ic_launcher_round"
201-->src\main\AndroidManifest.xml:31:13-58
202            android:targetActivity="com.example.recording_app.MainActivity" >
202-->src\main\AndroidManifest.xml:29:13-51
203            <intent-filter>
203-->src\main\AndroidManifest.xml:19:13-22:29
204                <action android:name="android.intent.action.MAIN" />
204-->src\main\AndroidManifest.xml:20:17-69
204-->src\main\AndroidManifest.xml:20:25-66
205
206                <category android:name="android.intent.category.LAUNCHER" />
206-->src\main\AndroidManifest.xml:21:17-77
206-->src\main\AndroidManifest.xml:21:27-74
207            </intent-filter>
208        </activity-alias>
209
210        <service
210-->[androidx.room:room-runtime:2.6.1] AndroidManifest.xml:24:9-28:63
211            android:name="androidx.room.MultiInstanceInvalidationService"
211-->[androidx.room:room-runtime:2.6.1] AndroidManifest.xml:25:13-74
212            android:directBootAware="true"
212-->[androidx.room:room-runtime:2.6.1] AndroidManifest.xml:26:13-43
213            android:exported="false" />
213-->[androidx.room:room-runtime:2.6.1] AndroidManifest.xml:27:13-37
214
215        <provider
215-->[androidx.emoji2:emoji2:1.4.0] AndroidManifest.xml:24:9-32:20
216            android:name="androidx.startup.InitializationProvider"
216-->[androidx.emoji2:emoji2:1.4.0] AndroidManifest.xml:25:13-67
217            android:authorities="com.example.recording_app.androidx-startup"
217-->[androidx.emoji2:emoji2:1.4.0] AndroidManifest.xml:26:13-68
218            android:exported="false" >
218-->[androidx.emoji2:emoji2:1.4.0] AndroidManifest.xml:27:13-37
219            <meta-data
219-->[androidx.emoji2:emoji2:1.4.0] AndroidManifest.xml:29:13-31:52
220                android:name="androidx.emoji2.text.EmojiCompatInitializer"
220-->[androidx.emoji2:emoji2:1.4.0] AndroidManifest.xml:30:17-75
221                android:value="androidx.startup" />
221-->[androidx.emoji2:emoji2:1.4.0] AndroidManifest.xml:31:17-49
222            <meta-data
222-->[androidx.lifecycle:lifecycle-process:2.6.2] AndroidManifest.xml:29:13-31:52
223                android:name="androidx.lifecycle.ProcessLifecycleInitializer"
223-->[androidx.lifecycle:lifecycle-process:2.6.2] AndroidManifest.xml:30:17-78
224                android:value="androidx.startup" />
224-->[androidx.lifecycle:lifecycle-process:2.6.2] AndroidManifest.xml:31:17-49
225            <meta-data
225-->[androidx.profileinstaller:profileinstaller:1.3.0] AndroidManifest.xml:29:13-31:52
226                android:name="androidx.profileinstaller.ProfileInstallerInitializer"
226-->[androidx.profileinstaller:profileinstaller:1.3.0] AndroidManifest.xml:30:17-85
227                android:value="androidx.startup" />
227-->[androidx.profileinstaller:profileinstaller:1.3.0] AndroidManifest.xml:31:17-49
228        </provider>
229
230        <receiver
230-->[androidx.profileinstaller:profileinstaller:1.3.0] AndroidManifest.xml:34:9-52:20
231            android:name="androidx.profileinstaller.ProfileInstallReceiver"
231-->[androidx.profileinstaller:profileinstaller:1.3.0] AndroidManifest.xml:35:13-76
232            android:directBootAware="false"
232-->[androidx.profileinstaller:profileinstaller:1.3.0] AndroidManifest.xml:36:13-44
233            android:enabled="true"
233-->[androidx.profileinstaller:profileinstaller:1.3.0] AndroidManifest.xml:37:13-35
234            android:exported="true"
234-->[androidx.profileinstaller:profileinstaller:1.3.0] AndroidManifest.xml:38:13-36
235            android:permission="android.permission.DUMP" >
235-->[androidx.profileinstaller:profileinstaller:1.3.0] AndroidManifest.xml:39:13-57
236            <intent-filter>
236-->[androidx.profileinstaller:profileinstaller:1.3.0] AndroidManifest.xml:40:13-42:29
237                <action android:name="androidx.profileinstaller.action.INSTALL_PROFILE" />
237-->[androidx.profileinstaller:profileinstaller:1.3.0] AndroidManifest.xml:41:17-91
237-->[androidx.profileinstaller:profileinstaller:1.3.0] AndroidManifest.xml:41:25-88
238            </intent-filter>
239            <intent-filter>
239-->[androidx.profileinstaller:profileinstaller:1.3.0] AndroidManifest.xml:43:13-45:29
240                <action android:name="androidx.profileinstaller.action.SKIP_FILE" />
240-->[androidx.profileinstaller:profileinstaller:1.3.0] AndroidManifest.xml:44:17-85
240-->[androidx.profileinstaller:profileinstaller:1.3.0] AndroidManifest.xml:44:25-82
241            </intent-filter>
242            <intent-filter>
242-->[androidx.profileinstaller:profileinstaller:1.3.0] AndroidManifest.xml:46:13-48:29
243                <action android:name="androidx.profileinstaller.action.SAVE_PROFILE" />
243-->[androidx.profileinstaller:profileinstaller:1.3.0] AndroidManifest.xml:47:17-88
243-->[androidx.profileinstaller:profileinstaller:1.3.0] AndroidManifest.xml:47:25-85
244            </intent-filter>
245            <intent-filter>
245-->[androidx.profileinstaller:profileinstaller:1.3.0] AndroidManifest.xml:49:13-51:29
246                <action android:name="androidx.profileinstaller.action.BENCHMARK_OPERATION" />
246-->[androidx.profileinstaller:profileinstaller:1.3.0] AndroidManifest.xml:50:17-95
246-->[androidx.profileinstaller:profileinstaller:1.3.0] AndroidManifest.xml:50:25-92
247            </intent-filter>
248        </receiver>
249    </application>
250
251</manifest>